Starting a Gradle Daemon, 1 incompatible and 3 stopped Daemons could not be reused, use --status for details
> Task :app:preBuild UP-TO-DATE
> Task :app:preDebugBuild UP-TO-DATE
> Task :app:mergeDebugNativeDebugMetadata NO-SOURCE
> Task :app:checkKotlinGradlePluginConfigurationErrors SKIPPED
> Task :app:generateDebugBuildConfig UP-TO-DATE
> Task :app:checkDebugAarMetadata UP-TO-DATE
> Task :app:processDebugNavigationResources UP-TO-DATE
> Task :app:compileDebugNavigationResources UP-TO-DATE
> Task :app:generateDebugResValues UP-TO-DATE
> Task :app:processDebugGoogleServices UP-TO-DATE
> Task :app:mapDebugSourceSetPaths UP-TO-DATE
> Task :app:generateDebugResources UP-TO-DATE
> Task :app:mergeDebugResources UP-TO-DATE
> Task :app:packageDebugResources UP-TO-DATE
> Task :app:parseDebugLocalResources UP-TO-DATE
> Task :app:createDebugCompatibleScreenManifests UP-TO-DATE
> Task :app:extractDeepLinksDebug UP-TO-DATE
> Task :app:processDebugMainManifest
> Task :app:processDebugManifest
> Task :app:javaPreCompileDebug UP-TO-DATE
> Task :app:mergeDebugShaders UP-TO-DATE
> Task :app:compileDebugShaders NO-SOURCE
> Task :app:generateDebugAssets UP-TO-DATE
> Task :app:mergeDebugAssets UP-TO-DATE
> Task :app:compressDebugAssets UP-TO-DATE
> Task :app:desugarDebugFileDependencies UP-TO-DATE
> Task :app:checkDebugDuplicateClasses UP-TO-DATE
> Task :app:mergeExtDexDebug UP-TO-DATE
> Task :app:mergeLibDexDebug UP-TO-DATE
> Task :app:mergeDebugJniLibFolders UP-TO-DATE
> Task :app:mergeDebugNativeLibs UP-TO-DATE
> Task :app:stripDebugDebugSymbols UP-TO-DATE
> Task :app:validateSigningDebug UP-TO-DATE
> Task :app:writeDebugAppMetadata UP-TO-DATE
> Task :app:writeDebugSigningConfigVersions UP-TO-DATE
> Task :app:processDebugManifestForPackage
> Task :app:processDebugResources
> Task :app:kspDebugKotlin

> Task :app:compileDebugKotlin FAILED
e: file:///C:/Users/Steven/AndroidStudioProjects/HMIF-U-Mobile/app/src/main/java/com/example/hmifu_mobile/feature/secretariat/SecretariatScreen.kt:86:17 No value passed for parameter 'onOpenUrl'.
e: file:///C:/Users/Steven/AndroidStudioProjects/HMIF-U-Mobile/app/src/main/java/com/example/hmifu_mobile/feature/secretariat/SecretariatScreen.kt:86:17 No value passed for parameter 'onApprove'.
e: file:///C:/Users/Steven/AndroidStudioProjects/HMIF-U-Mobile/app/src/main/java/com/example/hmifu_mobile/feature/secretariat/SecretariatScreen.kt:86:17 No value passed for parameter 'onReject'.
e: file:///C:/Users/Steven/AndroidStudioProjects/HMIF-U-Mobile/app/src/main/java/com/example/hmifu_mobile/feature/secretariat/SecretariatScreen.kt:86:17 No value passed for parameter 'onRequestRevision'.
e: file:///C:/Users/Steven/AndroidStudioProjects/HMIF-U-Mobile/app/src/main/java/com/example/hmifu_mobile/feature/secretariat/SecretariatScreen.kt:94:26 Syntax error: Expecting ')'.
e: file:///C:/Users/Steven/AndroidStudioProjects/HMIF-U-Mobile/app/src/main/java/com/example/hmifu_mobile/feature/secretariat/SecretariatScreen.kt:95:22 Syntax error: Unexpected tokens (use ';' to separate expressions on the same line).
e: file:///C:/Users/Steven/AndroidStudioProjects/HMIF-U-Mobile/app/src/main/java/com/example/hmifu_mobile/feature/secretariat/SecretariatScreen.kt:96:21 Unresolved reference 'onApprove'.
e: file:///C:/Users/Steven/AndroidStudioProjects/HMIF-U-Mobile/app/src/main/java/com/example/hmifu_mobile/feature/secretariat/SecretariatScreen.kt:96:60 An explicit type is required on a value parameter.
e: file:///C:/Users/Steven/AndroidStudioProjects/HMIF-U-Mobile/app/src/main/java/com/example/hmifu_mobile/feature/secretariat/SecretariatScreen.kt:96:137 Syntax error: Unexpected tokens (use ';' to separate expressions on the same line).
e: file:///C:/Users/Steven/AndroidStudioProjects/HMIF-U-Mobile/app/src/main/java/com/example/hmifu_mobile/feature/secretariat/SecretariatScreen.kt:97:21 Unresolved reference 'onReject'.
e: file:///C:/Users/Steven/AndroidStudioProjects/HMIF-U-Mobile/app/src/main/java/com/example/hmifu_mobile/feature/secretariat/SecretariatScreen.kt:97:59 An explicit type is required on a value parameter.
e: file:///C:/Users/Steven/AndroidStudioProjects/HMIF-U-Mobile/app/src/main/java/com/example/hmifu_mobile/feature/secretariat/SecretariatScreen.kt:97:136 Syntax error: Unexpected tokens (use ';' to separate expressions on the same line).
e: file:///C:/Users/Steven/AndroidStudioProjects/HMIF-U-Mobile/app/src/main/java/com/example/hmifu_mobile/feature/secretariat/SecretariatScreen.kt:98:21 Unresolved reference 'onRequestRevision'.
e: file:///C:/Users/Steven/AndroidStudioProjects/HMIF-U-Mobile/app/src/main/java/com/example/hmifu_mobile/feature/secretariat/SecretariatScreen.kt:98:68 An explicit type is required on a value parameter.
e: file:///C:/Users/Steven/AndroidStudioProjects/HMIF-U-Mobile/app/src/main/java/com/example/hmifu_mobile/feature/secretariat/SecretariatScreen.kt:99:17 Syntax error: Expecting an element.
e: file:///C:/Users/Steven/AndroidStudioProjects/HMIF-U-Mobile/app/src/main/java/com/example/hmifu_mobile/feature/secretariat/SecretariatScreen.kt:100:15 Syntax error: Unexpected tokens (use ';' to separate expressions on the same line).
e: file:///C:/Users/Steven/AndroidStudioProjects/HMIF-U-Mobile/app/src/main/java/com/example/hmifu_mobile/feature/secretariat/SecretariatScreen.kt:101:17 @Composable invocations can only happen from the context of a @Composable function
e: file:///C:/Users/Steven/AndroidStudioProjects/HMIF-U-Mobile/app/src/main/java/com/example/hmifu_mobile/feature/secretariat/SecretariatScreen.kt:107:1 Syntax error: Expecting a top level declaration.
e: file:///C:/Users/Steven/AndroidStudioProjects/HMIF-U-Mobile/app/src/main/java/com/example/hmifu_mobile/feature/secretariat/SecretariatScreen.kt:189:5 Conflicting declarations:
onOpenUrl: (String) -> Unit
onOpenUrl: (String) -> Unit
e: file:///C:/Users/Steven/AndroidStudioProjects/HMIF-U-Mobile/app/src/main/java/com/example/hmifu_mobile/feature/secretariat/SecretariatScreen.kt:190:5 Conflicting declarations:
onOpenUrl: (String) -> Unit
onOpenUrl: (String) -> Unit
e: file:///C:/Users/Steven/AndroidStudioProjects/HMIF-U-Mobile/app/src/main/java/com/example/hmifu_mobile/feature/secretariat/SecretariatScreen.kt:210:21 Argument already passed for this parameter.

[Incubating] Problems report is available at: file:///C:/Users/Steven/AndroidStudioProjects/HMIF-U-Mobile/build/reports/problems/problems-report.html

FAILURE: Build failed with an exception.

* What went wrong:
Execution failed for task ':app:compileDebugKotlin'.
> A failure occurred while executing org.jetbrains.kotlin.compilerRunner.GradleCompilerRunnerWithWorkers$GradleKotlinCompilerWorkAction
   > Compilation error. See log for more details

* Try:
> Run with --stacktrace option to get the stack trace.
> Run with --info or --debug option to get more log output.
> Run with --scan to generate a Build Scan (powered by Develocity).
> Get more help at https://help.gradle.org.

Deprecated Gradle features were used in this build, making it incompatible with Gradle 10.

You can use '--warning-mode all' to show the individual deprecation warnings and determine if they come from your own scripts or plugins.

For more on this, please refer to https://docs.gradle.org/9.2.1/userguide/command_line_interface.html#sec:command_line_warnings in the Gradle documentation.

BUILD FAILED in 1m 26s
33 actionable tasks: 6 executed, 27 up-to-date
